[2020-05-07 18:26:02] local.ERROR: SQLSTATE[42S02]: Base table or view not found: 1146 Table 'yangon-labour.temp_shop_registers' doesn't exist (SQL: alter table `temp_shop_registers` add `region_id` int null after `class_name`, add `district_id` int null after `region_id`, add `township_id` int null after `district_id`) {"exception":"[object] (Illuminate\\Database\\QueryException(code: 42S02): SQLSTATE[42S02]: Base table or view not found: 1146 Table 'yangon-labour.temp_shop_registers' doesn't exist (SQL: alter table `temp_shop_registers` add `region_id` int null after `class_name`, add `district_id` int null after `region_id`, add `township_id` int null after `district_id`) at C:\\xampp\\htdocs\\yangonlabourproject\\vendor\\laravel\\framework\\src\\Illuminate\\Database\\Connection.php:664, Doctrine\\DBAL\\Driver\\PDOException(code: 42S02): SQLSTATE[42S02]: Base table or view not found: 1146 Table 'yangon-labour.temp_shop_registers' doesn't exist at C:\\xampp\\htdocs\\yangonlabourproject\\vendor\\doctrine\\dbal\\lib\\Doctrine\\DBAL\\Driver\\PDOStatement.php:123, PDOException(code: 42S02): SQLSTATE[42S02]: Base table or view not found: 1146 Table 'yangon-labour.temp_shop_registers' doesn't exist at C:\\xampp\\htdocs\\yangonlabourproject\\vendor\\doctrine\\dbal\\lib\\Doctrine\\DBAL\\Driver\\PDOStatement.php:121)
[stacktrace]
#0 C:\\xampp\\htdocs\\yangonlabourproject\\vendor\\laravel\\framework\\src\\Illuminate\\Database\\Connection.php(624): Illuminate\\Database\\Connection->runQueryCallback('alter table `te...', Array, Object(Closure))
#1 C:\\xampp\\htdocs\\yangonlabourproject\\vendor\\laravel\\framework\\src\\Illuminate\\Database\\Connection.php(459): Illuminate\\Database\\Connection->run('alter table `te...', Array, Object(Closure))
#2 C:\\xampp\\htdocs\\yangonlabourproject\\vendor\\laravel\\framework\\src\\Illuminate\\Database\\Schema\\Blueprint.php(97): Illuminate\\Database\\Connection->statement('alter table `te...')
#3 C:\\xampp\\htdocs\\yangonlabourproject\\vendor\\laravel\\framework\\src\\Illuminate\\Database\\Schema\\Builder.php(264): Illuminate\\Database\\Schema\\Blueprint->build(Object(Illuminate\\Database\\MySqlConnection), Object(Illuminate\\Database\\Schema\\Grammars\\MySqlGrammar))
#4 C:\\xampp\\htdocs\\yangonlabourproject\\vendor\\laravel\\framework\\src\\Illuminate\\Database\\Schema\\Builder.php(149): Illuminate\\Database\\Schema\\Builder->build(Object(Illuminate\\Database\\Schema\\Blueprint))
#5 C:\\xampp\\htdocs\\yangonlabourproject\\vendor\\laravel\\framework\\src\\Illuminate\\Support\\Facades\\Facade.php(237): Illuminate\\Database\\Schema\\Builder->table('temp_shop_regis...', Object(Closure))
#6 C:\\xampp\\htdocs\\yangonlabourproject\\database\\migrations\\2019_12_04_071407_add_region_id_to_temp_shop_registers.php(20): Illuminate\\Support\\Facades\\Facade::__callStatic('table', Array)
#7 C:\\xampp\\htdocs\\yangonlabourproject\\vendor\\laravel\\framework\\src\\Illuminate\\Database\\Migrations\\Migrator.php(360): AddRegionIdToTempShopRegisters->up()
#8 C:\\xampp\\htdocs\\yangonlabourproject\\vendor\\laravel\\framework\\src\\Illuminate\\Database\\Migrations\\Migrator.php(367): Illuminate\\Database\\Migrations\\Migrator->Illuminate\\Database\\Migrations\\{closure}()
#9 C:\\xampp\\htdocs\\yangonlabourproject\\vendor\\laravel\\framework\\src\\Illuminate\\Database\\Migrations\\Migrator.php(178): Illuminate\\Database\\Migrations\\Migrator->runMigration(Object(AddRegionIdToTempShopRegisters), 'up')
#10 C:\\xampp\\htdocs\\yangonlabourproject\\vendor\\laravel\\framework\\src\\Illuminate\\Database\\Migrations\\Migrator.php(147): Illuminate\\Database\\Migrations\\Migrator->runUp('C:\\\\xampp\\\\htdocs...', 1, false)
#11 C:\\xampp\\htdocs\\yangonlabourproject\\vendor\\laravel\\framework\\src\\Illuminate\\Database\\Migrations\\Migrator.php(96): Illuminate\\Database\\Migrations\\Migrator->runPending(Array, Array)
#12 C:\\xampp\\htdocs\\yangonlabourproject\\vendor\\laravel\\framework\\src\\Illuminate\\Database\\Console\\Migrations\\MigrateCommand.php(71): Illuminate\\Database\\Migrations\\Migrator->run(Array, Array)
#13 [internal function]: Illuminate\\Database\\Console\\Migrations\\MigrateCommand->handle()
#14 C:\\xampp\\htdocs\\yangonlabourproject\\vendor\\laravel\\framework\\src\\Illuminate\\Container\\BoundMethod.php(29): call_user_func_array(Array, Array)
#15 C:\\xampp\\htdocs\\yangonlabourproject\\vendor\\laravel\\framework\\src\\Illuminate\\Container\\BoundMethod.php(87): Illuminate\\Container\\BoundMethod::Illuminate\\Container\\{closure}()
#16 C:\\xampp\\htdocs\\yangonlabourproject\\vendor\\laravel\\framework\\src\\Illuminate\\Container\\BoundMethod.php(31): Illuminate\\Container\\BoundMethod::callBoundMethod(Object(Illuminate\\Foundation\\Application), Array, Object(Closure))
#17 C:\\xampp\\htdocs\\yangonlabourproject\\vendor\\laravel\\framework\\src\\Illuminate\\Container\\Container.php(572): Illuminate\\Container\\BoundMethod::call(Object(Illuminate\\Foundation\\Application), Array, Array, NULL)
#18 C:\\xampp\\htdocs\\yangonlabourproject\\vendor\\laravel\\framework\\src\\Illuminate\\Console\\Command.php(183): Illuminate\\Container\\Container->call(Array)
#19 C:\\xampp\\htdocs\\yangonlabourproject\\vendor\\symfony\\console\\Command\\Command.php(255): Illuminate\\Console\\Command->execute(Object(Symfony\\Component\\Console\\Input\\ArgvInput), Object(Illuminate\\Console\\OutputStyle))
#20 C:\\xampp\\htdocs\\yangonlabourproject\\vendor\\laravel\\framework\\src\\Illuminate\\Console\\Command.php(170): Symfony\\Component\\Console\\Command\\Command->run(Object(Symfony\\Component\\Console\\Input\\ArgvInput), Object(Illuminate\\Console\\OutputStyle))
#21 C:\\xampp\\htdocs\\yangonlabourproject\\vendor\\symfony\\console\\Application.php(1011): Illuminate\\Console\\Command->run(Object(Symfony\\Component\\Console\\Input\\ArgvInput), Object(Symfony\\Component\\Console\\Output\\ConsoleOutput))
#22 C:\\xampp\\htdocs\\yangonlabourproject\\vendor\\symfony\\console\\Application.php(272): Symfony\\Component\\Console\\Application->doRunCommand(Object(Illuminate\\Database\\Console\\Migrations\\MigrateCommand), Object(Symfony\\Component\\Console\\Input\\ArgvInput), Object(Symfony\\Component\\Console\\Output\\ConsoleOutput))
#23 C:\\xampp\\htdocs\\yangonlabourproject\\vendor\\symfony\\console\\Application.php(148): Symfony\\Component\\Console\\Application->doRun(Object(Symfony\\Component\\Console\\Input\\ArgvInput), Object(Symfony\\Component\\Console\\Output\\ConsoleOutput))
#24 C:\\xampp\\htdocs\\yangonlabourproject\\vendor\\laravel\\framework\\src\\Illuminate\\Console\\Application.php(89): Symfony\\Component\\Console\\Application->run(Object(Symfony\\Component\\Console\\Input\\ArgvInput), Object(Symfony\\Component\\Console\\Output\\ConsoleOutput))
#25 C:\\xampp\\htdocs\\yangonlabourproject\\vendor\\laravel\\framework\\src\\Illuminate\\Foundation\\Console\\Kernel.php(122): Illuminate\\Console\\Application->run(Object(Symfony\\Component\\Console\\Input\\ArgvInput), Object(Symfony\\Component\\Console\\Output\\ConsoleOutput))
#26 C:\\xampp\\htdocs\\yangonlabourproject\\artisan(37): Illuminate\\Foundation\\Console\\Kernel->handle(Object(Symfony\\Component\\Console\\Input\\ArgvInput), Object(Symfony\\Component\\Console\\Output\\ConsoleOutput))
#27 {main}
"} 
